<?xml version="1.0" encoding="UTF-8"?>
<testsuite xmlns:xsi="http://www.w3.org/2001/XMLSchema-instance" xsi:noNamespaceSchemaLocation="https://maven.apache.org/surefire/maven-surefire-plugin/xsd/surefire-test-report-3.0.xsd" version="3.0" name="cat.institutmarianao.gymtony.test.UsuarioServiceImplTest" time="0.323" tests="11" errors="0" skipped="0" failures="5">
  <properties>
[...]
</properties>
  <testcase name="shouldThrowExceptionWhenUserNotFoundByUsername" classname="cat.institutmarianao.gymtony.test.UsuarioServiceImplTest" time="0.211">
    <failure message="&#10;Expecting code to raise a throwable." type="java.lang.AssertionError"><![CDATA[java.lang.AssertionError: 

Expecting code to raise a throwable.
	at cat.institutmarianao.gymtony.test.UsuarioServiceImplTest.shouldThrowExceptionWhenUserNotFoundByUsername(UsuarioServiceImplTest.java:159)
	at java.base/java.lang.reflect.Method.invoke(Method.java:568)
	at java.base/java.util.ArrayList.forEach(ArrayList.java:1511)
	at java.base/java.util.ArrayList.forEach(ArrayList.java:1511)
]]></failure>
  </testcase>
  <testcase name="shouldGetAllClientes" classname="cat.institutmarianao.gymtony.test.UsuarioServiceImplTest" time="0.017"/>
  <testcase name="shouldSaveUserWithEncodedPassword" classname="cat.institutmarianao.gymtony.test.UsuarioServiceImplTest" time="0.007"/>
  <testcase name="shouldLoadUserByUsername" classname="cat.institutmarianao.gymtony.test.UsuarioServiceImplTest" time="0.004"/>
  <testcase name="shouldRemoveUser" classname="cat.institutmarianao.gymtony.test.UsuarioServiceImplTest" time="0.034">
    <failure message="&#10;Wanted but not invoked:&#10;usuarioRepository.delete(&#10;    Usuario(id=null, username=testuser, password=password, name=Test User, dni=12345678A, email=test@example.com, age=25, role=CLIENTE, confirmPassword=null)&#10;);&#10;-&gt; at cat.institutmarianao.gymtony.test.UsuarioServiceImplTest.shouldRemoveUser(UsuarioServiceImplTest.java:132)&#10;&#10;However, there was exactly 1 interaction with this mock:&#10;usuarioRepository.deleteByUsername(&#10;    &quot;testuser&quot;&#10;);&#10;-&gt; at cat.institutmarianao.gymtony.services.impl.UsuarioServiceImpl.remove(UsuarioServiceImpl.java:89)&#10;&#10;" type="Wanted but not invoked"><![CDATA[Wanted but not invoked:
usuarioRepository.delete(
    Usuario(id=null, username=testuser, password=password, name=Test User, dni=12345678A, email=test@example.com, age=25, role=CLIENTE, confirmPassword=null)
);
-> at cat.institutmarianao.gymtony.test.UsuarioServiceImplTest.shouldRemoveUser(UsuarioServiceImplTest.java:132)

However, there was exactly 1 interaction with this mock:
usuarioRepository.deleteByUsername(
    "testuser"
);
-> at cat.institutmarianao.gymtony.services.impl.UsuarioServiceImpl.remove(UsuarioServiceImpl.java:89)


	at cat.institutmarianao.gymtony.test.UsuarioServiceImplTest.shouldRemoveUser(UsuarioServiceImplTest.java:132)
	at java.base/java.lang.reflect.Method.invoke(Method.java:568)
	at java.base/java.util.ArrayList.forEach(ArrayList.java:1511)
	at java.base/java.util.ArrayList.forEach(ArrayList.java:1511)
]]></failure>
  </testcase>
  <testcase name="shouldGetAllMonitores" classname="cat.institutmarianao.gymtony.test.UsuarioServiceImplTest" time="0.004"/>
  <testcase name="shouldGetAllUsers" classname="cat.institutmarianao.gymtony.test.UsuarioServiceImplTest" time="0.003"/>
  <testcase name="shouldThrowExceptionWhenUpdatingNonExistentUser" classname="cat.institutmarianao.gymtony.test.UsuarioServiceImplTest" time="0.005">
    <failure message="&#10;Expecting code to raise a throwable." type="java.lang.AssertionError"><![CDATA[java.lang.AssertionError: 

Expecting code to raise a throwable.
	at cat.institutmarianao.gymtony.test.UsuarioServiceImplTest.shouldThrowExceptionWhenUpdatingNonExistentUser(UsuarioServiceImplTest.java:121)
	at java.base/java.lang.reflect.Method.invoke(Method.java:568)
	at java.base/java.util.ArrayList.forEach(ArrayList.java:1511)
	at java.base/java.util.ArrayList.forEach(ArrayList.java:1511)
]]></failure>
  </testcase>
  <testcase name="shouldThrowExceptionWhenRemovingNonExistentUser" classname="cat.institutmarianao.gymtony.test.UsuarioServiceImplTest" time="0.005">
    <failure message="&#10;Expecting code to raise a throwable." type="java.lang.AssertionError"><![CDATA[java.lang.AssertionError: 

Expecting code to raise a throwable.
	at cat.institutmarianao.gymtony.test.UsuarioServiceImplTest.shouldThrowExceptionWhenRemovingNonExistentUser(UsuarioServiceImplTest.java:139)
	at java.base/java.lang.reflect.Method.invoke(Method.java:568)
	at java.base/java.util.ArrayList.forEach(ArrayList.java:1511)
	at java.base/java.util.ArrayList.forEach(ArrayList.java:1511)
]]></failure>
  </testcase>
  <testcase name="shouldGetAllResponsables" classname="cat.institutmarianao.gymtony.test.UsuarioServiceImplTest" time="0.004"/>
  <testcase name="shouldUpdateUserAndEncryptPasswordIfChanged" classname="cat.institutmarianao.gymtony.test.UsuarioServiceImplTest" time="0.009">
    <failure message="&#10;expected: &quot;hashedNewPassword&quot;&#10; but was: &quot;newPassword&quot;" type="org.opentest4j.AssertionFailedError"><![CDATA[org.opentest4j.AssertionFailedError: 

expected: "hashedNewPassword"
 but was: "newPassword"
	at java.base/jdk.internal.reflect.NativeConstructorAccessorImpl.newInstance0(Native Method)
	at java.base/jdk.internal.reflect.NativeConstructorAccessorImpl.newInstance(NativeConstructorAccessorImpl.java:77)
	at java.base/jdk.internal.reflect.DelegatingConstructorAccessorImpl.newInstance(DelegatingConstructorAccessorImpl.java:45)
	at java.base/java.lang.reflect.Constructor.newInstanceWithCaller(Constructor.java:499)
	at cat.institutmarianao.gymtony.test.UsuarioServiceImplTest.shouldUpdateUserAndEncryptPasswordIfChanged(UsuarioServiceImplTest.java:113)
	at java.base/java.lang.reflect.Method.invoke(Method.java:568)
	at java.base/java.util.ArrayList.forEach(ArrayList.java:1511)
	at java.base/java.util.ArrayList.forEach(ArrayList.java:1511)
]]></failure>
  </testcase>
</testsuite>